<?xml version="1.0" encoding="UTF-8"?>
<!-- Generated by org.testng.reporters.JUnitXMLReporter -->
<testsuite ignored="0" hostname="Admins-MacBook-Pro.local" failures="2" tests="14" name="Surefire test" time="148.281" errors="0" timestamp="2022-03-30T04:49:41 NZDT">
  <testcase classname="com.buggy.rating.automate.BuggyCarsRatingRegisterTest" name="navigateToRegisterPage" time="0.348"/>
  <testcase classname="com.buggy.rating.automate.BuggyCarsRatingRegisterTest" name="registerNewUser" time="1.135"/>
  <testcase classname="com.buggy.rating.automate.BuggyCarsRatingRegisterTest" name="loginWithNewUser" time="0.827"/>
  <testcase classname="com.buggy.rating.automate.BuggyCarsRatingPageNavigationTest" name="performLogin" time="1.142"/>
  <testcase classname="com.buggy.rating.automate.BuggyCarsRatingPageNavigationTest" name="navigateHomeFromOverallRatingPage" time="1.279"/>
  <testcase classname="com.buggy.rating.automate.BuggyCarsRatingPageNavigationTest" name="navigateHomeFromPopularMakePage" time="106.011">
    <failure type="org.openqa.selenium.TimeoutException" message="Expected condition failed: waiting for visibility of element located by By.xpath: //my-home/div/div[1]/div/h2 (tried for 100 second(s) with 500 milliseconds interval)
Build info: version: &amp;apos;4.1.2&amp;apos;, revision: &amp;apos;9a5a329c5a&amp;apos;
System info: host: &amp;apos;Admins-MacBook-Pro.local&amp;apos;, ip: &amp;apos;fe80:0:0:0:4d1:f41e:1fd3:72b2%en0&amp;apos;, os.name: &amp;apos;Mac OS X&amp;apos;, os.arch: &amp;apos;x86_64&amp;apos;, os.version: &amp;apos;10.16&amp;apos;, java.version: &amp;apos;11.0.7&amp;apos;
Driver info: org.openqa.selenium.chrome.ChromeDriver
Capabilities {acceptInsecureCerts: false, browserName: chrome, browserVersion: 99.0.4844.83, chrome: {chromedriverVersion: 99.0.4844.51 (d537ec02474b5..., userDataDir: /var/folders/2t/22ll6rh5657...}, goog:chromeOptions: {debuggerAddress: localhost:52325}, javascriptEnabled: true, networkConnectionEnabled: false, pageLoadStrategy: normal, platform: MAC, platformName: MAC, proxy: Proxy(), se:cdp: ws://localhost:52325/devtoo..., se:cdpVersion: 99.0.4844.83, setWindowRect: true, strictFileInteractability: false, timeouts: {implicit: 0, pageLoad: 300000, script: 30000}, unhandledPromptBehavior: dismiss and notify, webauthn:extension:credBlob: true, webauthn:extension:largeBlob: true, webauthn:virtualAuthenticators: true}
Session ID: 127a93cc0425df04f4cc3f79cfbf39e1">
      <![CDATA[org.openqa.selenium.TimeoutException: Expected condition failed: waiting for visibility of element located by By.xpath: //my-home/div/div[1]/div/h2 (tried for 100 second(s) with 500 milliseconds interval)
Build info: version: '4.1.2', revision: '9a5a329c5a'
System info: host: 'Admins-MacBook-Pro.local', ip: 'fe80:0:0:0:4d1:f41e:1fd3:72b2%en0', os.name: 'Mac OS X', os.arch: 'x86_64', os.version: '10.16', java.version: '11.0.7'
Driver info: org.openqa.selenium.chrome.ChromeDriver
Capabilities {acceptInsecureCerts: false, browserName: chrome, browserVersion: 99.0.4844.83, chrome: {chromedriverVersion: 99.0.4844.51 (d537ec02474b5..., userDataDir: /var/folders/2t/22ll6rh5657...}, goog:chromeOptions: {debuggerAddress: localhost:52325}, javascriptEnabled: true, networkConnectionEnabled: false, pageLoadStrategy: normal, platform: MAC, platformName: MAC, proxy: Proxy(), se:cdp: ws://localhost:52325/devtoo..., se:cdpVersion: 99.0.4844.83, setWindowRect: true, strictFileInteractability: false, timeouts: {implicit: 0, pageLoad: 300000, script: 30000}, unhandledPromptBehavior: dismiss and notify, webauthn:extension:credBlob: true, webauthn:extension:largeBlob: true, webauthn:virtualAuthenticators: true}
Session ID: 127a93cc0425df04f4cc3f79cfbf39e1
at org.openqa.selenium.support.ui.WebDriverWait.timeoutException(WebDriverWait.java:138)
at org.openqa.selenium.support.ui.FluentWait.until(FluentWait.java:231)
at com.buggy.rating.automate.pages.BuggyCarsLandingPage.verifyLandingPage(BuggyCarsLandingPage.java:46)
at com.buggy.rating.automate.BuggyCarsRatingPageNavigationTest.navigateHomeFromPopularMakePage(BuggyCarsRatingPageNavigationTest.java:57)
at java.base/java.util.ArrayList.forEach(ArrayList.java:1540)
... Removed 32 stack frames]]>
    </failure>
  </testcase> <!-- navigateHomeFromPopularMakePage -->
  <testcase classname="com.buggy.rating.automate.BuggyCarsRatingPageNavigationTest" name="navigateHomeFromProfilePage" time="0.72"/>
  <testcase classname="com.buggy.rating.automate.BuggyCarsRatingLoginTest" name="performLogin" time="1.236"/>
  <testcase classname="com.buggy.rating.automate.BuggyCarsRatingVotingTest" name="navigateToRegisterPage" time="0.214"/>
  <testcase classname="com.buggy.rating.automate.BuggyCarsRatingVotingTest" name="registerNewUser" time="1.024"/>
  <testcase classname="com.buggy.rating.automate.BuggyCarsRatingVotingTest" name="loginWithNewUser" time="0.861"/>
  <testcase classname="com.buggy.rating.automate.BuggyCarsRatingVotingTest" name="voteACar" time="2.135"/>
  <testcase classname="com.buggy.rating.automate.BuggyCarsRatingAdditionalInfoChangeTest" name="loginWithUser" time="1.189"/>
  <testcase classname="com.buggy.rating.automate.BuggyCarsRatingAdditionalInfoChangeTest" name="fillAdditionalInfo" time="0.26">
    <failure type="java.lang.NoClassDefFoundError" message="com/buggy/rating/automate/beans/BasicInfoBean">
      <![CDATA[java.lang.NoClassDefFoundError: com/buggy/rating/automate/beans/BasicInfoBean
at com.buggy.rating.automate.BuggyCarsRatingAdditionalInfoChangeTest.fillAdditionalInfo(BuggyCarsRatingAdditionalInfoChangeTest.java:46)
at java.base/java.util.ArrayList.forEach(ArrayList.java:1540)
Caused by: java.lang.ClassNotFoundException: com.buggy.rating.automate.beans.BasicInfoBean
at java.base/jdk.internal.loader.BuiltinClassLoader.loadClass(BuiltinClassLoader.java:581)
at java.base/jdk.internal.loader.ClassLoaders$AppClassLoader.loadClass(ClassLoaders.java:178)
at java.base/java.lang.ClassLoader.loadClass(ClassLoader.java:521)
... 34 more
... Removed 32 stack frames]]>
    </failure>
  </testcase> <!-- fillAdditionalInfo -->
</testsuite> <!-- Surefire test -->
