<html>
<head>
<title>TestNG:  Surefire test</title>
<link href="../testng.css" rel="stylesheet" type="text/css" />
<link href="../my-testng.css" rel="stylesheet" type="text/css" />

<style type="text/css">
.log { display: none;} 
.stack-trace { display: none;} 
</style>
<script type="text/javascript">
<!--
function flip(e) {
  current = e.style.display;
  if (current == 'block') {
    e.style.display = 'none';
    return 0;
  }
  else {
    e.style.display = 'block';
    return 1;
  }
}

function toggleBox(szDivId, elem, msg1, msg2)
{
  var res = -1;  if (document.getElementById) {
    res = flip(document.getElementById(szDivId));
  }
  else if (document.all) {
    // this is the way old msie versions work
    res = flip(document.all[szDivId]);
  }
  if(elem) {
    if(res == 0) elem.innerHTML = msg1; else elem.innerHTML = msg2;
  }

}

function toggleAllBoxes() {
  if (document.getElementsByTagName) {
    d = document.getElementsByTagName('div');
    for (i = 0; i < d.length; i++) {
      if (d[i].className == 'log') {
        flip(d[i]);
      }
    }
  }
}

// -->
</script>

</head>
<body>
<h2 align='center'>Surefire test</h2><table border='1' align="center">
<tr>
<td>Tests passed/Failed/Skipped:</td><td>12/2/0</td>
</tr><tr>
<td>Started on:</td><td>Wed Mar 30 04:47:13 NZDT 2022</td>
</tr>
<tr><td>Total time:</td><td>148 seconds (148281 ms)</td>
</tr><tr>
<td>Included groups:</td><td></td>
</tr><tr>
<td>Excluded groups:</td><td></td>
</tr>
</table><p/>
<small><i>(Hover the method name to see the test class name)</i></small><p/>
<table width='100%' border='1' class='invocation-failed'>
<tr><td colspan='4' align='center'><b>FAILED TESTS</b></td></tr>
<tr><td><b>Test method</b></td>
<td width="30%"><b>Exception</b></td>
<td width="10%"><b>Time (seconds)</b></td>
<td><b>Instance</b></td>
</tr>
<tr>
<td title='com.buggy.rating.automate.BuggyCarsRatingPageNavigationTest.navigateHomeFromPopularMakePage()'><b>navigateHomeFromPopularMakePage</b><br>Test class: com.buggy.rating.automate.BuggyCarsRatingPageNavigationTest</td>
<td><div><pre>org.openqa.selenium.TimeoutException: Expected condition failed: waiting for visibility of element located by By.xpath: //my-home/div/div[1]/div/h2 (tried for 100 second(s) with 500 milliseconds interval)
Build info: version: &apos;4.1.2&apos;, revision: &apos;9a5a329c5a&apos;
System info: host: &apos;Admins-MacBook-Pro.local&apos;, ip: &apos;fe80:0:0:0:4d1:f41e:1fd3:72b2%en0&apos;, os.name: &apos;Mac OS X&apos;, os.arch: &apos;x86_64&apos;, os.version: &apos;10.16&apos;, java.version: &apos;11.0.7&apos;
Driver info: org.openqa.selenium.chrome.ChromeDriver
Capabilities {acceptInsecureCerts: false, browserName: chrome, browserVersion: 99.0.4844.83, chrome: {chromedriverVersion: 99.0.4844.51 (d537ec02474b5..., userDataDir: /var/folders/2t/22ll6rh5657...}, goog:chromeOptions: {debuggerAddress: localhost:52325}, javascriptEnabled: true, networkConnectionEnabled: false, pageLoadStrategy: normal, platform: MAC, platformName: MAC, proxy: Proxy(), se:cdp: ws://localhost:52325/devtoo..., se:cdpVersion: 99.0.4844.83, setWindowRect: true, strictFileInteractability: false, timeouts: {implicit: 0, pageLoad: 300000, script: 30000}, unhandledPromptBehavior: dismiss and notify, webauthn:extension:credBlob: true, webauthn:extension:largeBlob: true, webauthn:virtualAuthenticators: true}
Session ID: 127a93cc0425df04f4cc3f79cfbf39e1
	at org.openqa.selenium.support.ui.WebDriverWait.timeoutException(WebDriverWait.java:138)
	at org.openqa.selenium.support.ui.FluentWait.until(FluentWait.java:231)
	at com.buggy.rating.automate.pages.BuggyCarsLandingPage.verifyLandingPage(BuggyCarsLandingPage.java:46)
	at com.buggy.rating.automate.BuggyCarsRatingPageNavigationTest.navigateHomeFromPopularMakePage(BuggyCarsRatingPageNavigationTest.java:57)
	at java.base/java.util.ArrayList.forEach(ArrayList.java:1540)
... Removed 32 stack frames</pre></div><a href='#' onClick='toggleBox("stack-trace428160758", this, "Click to show all stack frames", "Click to hide stack frames")'>Click to show all stack frames</a>
<div class='stack-trace' id='stack-trace428160758'><pre>org.openqa.selenium.TimeoutException: Expected condition failed: waiting for visibility of element located by By.xpath: //my-home/div/div[1]/div/h2 (tried for 100 second(s) with 500 milliseconds interval)
Build info: version: &apos;4.1.2&apos;, revision: &apos;9a5a329c5a&apos;
System info: host: &apos;Admins-MacBook-Pro.local&apos;, ip: &apos;fe80:0:0:0:4d1:f41e:1fd3:72b2%en0&apos;, os.name: &apos;Mac OS X&apos;, os.arch: &apos;x86_64&apos;, os.version: &apos;10.16&apos;, java.version: &apos;11.0.7&apos;
Driver info: org.openqa.selenium.chrome.ChromeDriver
Capabilities {acceptInsecureCerts: false, browserName: chrome, browserVersion: 99.0.4844.83, chrome: {chromedriverVersion: 99.0.4844.51 (d537ec02474b5..., userDataDir: /var/folders/2t/22ll6rh5657...}, goog:chromeOptions: {debuggerAddress: localhost:52325}, javascriptEnabled: true, networkConnectionEnabled: false, pageLoadStrategy: normal, platform: MAC, platformName: MAC, proxy: Proxy(), se:cdp: ws://localhost:52325/devtoo..., se:cdpVersion: 99.0.4844.83, setWindowRect: true, strictFileInteractability: false, timeouts: {implicit: 0, pageLoad: 300000, script: 30000}, unhandledPromptBehavior: dismiss and notify, webauthn:extension:credBlob: true, webauthn:extension:largeBlob: true, webauthn:virtualAuthenticators: true}
Session ID: 127a93cc0425df04f4cc3f79cfbf39e1
	at org.openqa.selenium.support.ui.WebDriverWait.timeoutException(WebDriverWait.java:138)
	at org.openqa.selenium.support.ui.FluentWait.until(FluentWait.java:231)
	at com.buggy.rating.automate.pages.BuggyCarsLandingPage.verifyLandingPage(BuggyCarsLandingPage.java:46)
	at com.buggy.rating.automate.BuggyCarsRatingPageNavigationTest.navigateHomeFromPopularMakePage(BuggyCarsRatingPageNavigationTest.java:57)
	at java.base/jdk.internal.reflect.NativeMethodAccessorImpl.invoke0(Native Method)
	at java.base/jdk.internal.reflect.NativeMethodAccessorImpl.invoke(NativeMethodAccessorImpl.java:62)
	at java.base/jdk.internal.reflect.DelegatingMethodAccessorImpl.invoke(DelegatingMethodAccessorImpl.java:43)
	at java.base/java.lang.reflect.Method.invoke(Method.java:566)
	at org.testng.internal.invokers.MethodInvocationHelper.invokeMethod(MethodInvocationHelper.java:135)
	at org.testng.internal.invokers.TestInvoker.invokeMethod(TestInvoker.java:673)
	at org.testng.internal.invokers.TestInvoker.invokeTestMethod(TestInvoker.java:220)
	at org.testng.internal.invokers.MethodRunner.runInSequence(MethodRunner.java:50)
	at org.testng.internal.invokers.TestInvoker$MethodInvocationAgent.invoke(TestInvoker.java:945)
	at org.testng.internal.invokers.TestInvoker.invokeTestMethods(TestInvoker.java:193)
	at org.testng.internal.invokers.TestMethodWorker.invokeTestMethods(TestMethodWorker.java:146)
	at org.testng.internal.invokers.TestMethodWorker.run(TestMethodWorker.java:128)
	at java.base/java.util.ArrayList.forEach(ArrayList.java:1540)
	at org.testng.TestRunner.privateRun(TestRunner.java:808)
	at org.testng.TestRunner.run(TestRunner.java:603)
	at org.testng.SuiteRunner.runTest(SuiteRunner.java:429)
	at org.testng.SuiteRunner.runSequentially(SuiteRunner.java:423)
	at org.testng.SuiteRunner.privateRun(SuiteRunner.java:383)
	at org.testng.SuiteRunner.run(SuiteRunner.java:326)
	at org.testng.SuiteRunnerWorker.runSuite(SuiteRunnerWorker.java:52)
	at org.testng.SuiteRunnerWorker.run(SuiteRunnerWorker.java:95)
	at org.testng.TestNG.runSuitesSequentially(TestNG.java:1249)
	at org.testng.TestNG.runSuitesLocally(TestNG.java:1169)
	at org.testng.TestNG.runSuites(TestNG.java:1092)
	at org.testng.TestNG.run(TestNG.java:1060)
	at org.apache.maven.surefire.testng.TestNGExecutor.run(TestNGExecutor.java:136)
	at org.apache.maven.surefire.testng.TestNGDirectoryTestSuite.executeMulti(TestNGDirectoryTestSuite.java:193)
	at org.apache.maven.surefire.testng.TestNGDirectoryTestSuite.execute(TestNGDirectoryTestSuite.java:94)
	at org.apache.maven.surefire.testng.TestNGProvider.invoke(TestNGProvider.java:145)
	at org.apache.maven.surefire.booter.ForkedBooter.runSuitesInProcess(ForkedBooter.java:428)
	at org.apache.maven.surefire.booter.ForkedBooter.execute(ForkedBooter.java:162)
	at org.apache.maven.surefire.booter.ForkedBooter.run(ForkedBooter.java:562)
	at org.apache.maven.surefire.booter.ForkedBooter.main(ForkedBooter.java:548)
</pre></div></td>
<td>106</td>
<td>com.buggy.rating.automate.BuggyCarsRatingPageNavigationTest@40cb698e</td></tr>
<tr>
<td title='com.buggy.rating.automate.BuggyCarsRatingAdditionalInfoChangeTest.fillAdditionalInfo()'><b>fillAdditionalInfo</b><br>Test class: com.buggy.rating.automate.BuggyCarsRatingAdditionalInfoChangeTest</td>
<td><div><pre>java.lang.NoClassDefFoundError: com/buggy/rating/automate/beans/BasicInfoBean
	at com.buggy.rating.automate.BuggyCarsRatingAdditionalInfoChangeTest.fillAdditionalInfo(BuggyCarsRatingAdditionalInfoChangeTest.java:46)
	at java.base/java.util.ArrayList.forEach(ArrayList.java:1540)
Caused by: java.lang.ClassNotFoundException: com.buggy.rating.automate.beans.BasicInfoBean
	at java.base/jdk.internal.loader.BuiltinClassLoader.loadClass(BuiltinClassLoader.java:581)
	at java.base/jdk.internal.loader.ClassLoaders$AppClassLoader.loadClass(ClassLoaders.java:178)
	at java.base/java.lang.ClassLoader.loadClass(ClassLoader.java:521)
	... 34 more
... Removed 32 stack frames</pre></div><a href='#' onClick='toggleBox("stack-trace1795135446", this, "Click to show all stack frames", "Click to hide stack frames")'>Click to show all stack frames</a>
<div class='stack-trace' id='stack-trace1795135446'><pre>java.lang.NoClassDefFoundError: com/buggy/rating/automate/beans/BasicInfoBean
	at com.buggy.rating.automate.BuggyCarsRatingAdditionalInfoChangeTest.fillAdditionalInfo(BuggyCarsRatingAdditionalInfoChangeTest.java:46)
	at java.base/jdk.internal.reflect.NativeMethodAccessorImpl.invoke0(Native Method)
	at java.base/jdk.internal.reflect.NativeMethodAccessorImpl.invoke(NativeMethodAccessorImpl.java:62)
	at java.base/jdk.internal.reflect.DelegatingMethodAccessorImpl.invoke(DelegatingMethodAccessorImpl.java:43)
	at java.base/java.lang.reflect.Method.invoke(Method.java:566)
	at org.testng.internal.invokers.MethodInvocationHelper.invokeMethod(MethodInvocationHelper.java:135)
	at org.testng.internal.invokers.TestInvoker.invokeMethod(TestInvoker.java:673)
	at org.testng.internal.invokers.TestInvoker.invokeTestMethod(TestInvoker.java:220)
	at org.testng.internal.invokers.MethodRunner.runInSequence(MethodRunner.java:50)
	at org.testng.internal.invokers.TestInvoker$MethodInvocationAgent.invoke(TestInvoker.java:945)
	at org.testng.internal.invokers.TestInvoker.invokeTestMethods(TestInvoker.java:193)
	at org.testng.internal.invokers.TestMethodWorker.invokeTestMethods(TestMethodWorker.java:146)
	at org.testng.internal.invokers.TestMethodWorker.run(TestMethodWorker.java:128)
	at java.base/java.util.ArrayList.forEach(ArrayList.java:1540)
	at org.testng.TestRunner.privateRun(TestRunner.java:808)
	at org.testng.TestRunner.run(TestRunner.java:603)
	at org.testng.SuiteRunner.runTest(SuiteRunner.java:429)
	at org.testng.SuiteRunner.runSequentially(SuiteRunner.java:423)
	at org.testng.SuiteRunner.privateRun(SuiteRunner.java:383)
	at org.testng.SuiteRunner.run(SuiteRunner.java:326)
	at org.testng.SuiteRunnerWorker.runSuite(SuiteRunnerWorker.java:52)
	at org.testng.SuiteRunnerWorker.run(SuiteRunnerWorker.java:95)
	at org.testng.TestNG.runSuitesSequentially(TestNG.java:1249)
	at org.testng.TestNG.runSuitesLocally(TestNG.java:1169)
	at org.testng.TestNG.runSuites(TestNG.java:1092)
	at org.testng.TestNG.run(TestNG.java:1060)
	at org.apache.maven.surefire.testng.TestNGExecutor.run(TestNGExecutor.java:136)
	at org.apache.maven.surefire.testng.TestNGDirectoryTestSuite.executeMulti(TestNGDirectoryTestSuite.java:193)
	at org.apache.maven.surefire.testng.TestNGDirectoryTestSuite.execute(TestNGDirectoryTestSuite.java:94)
	at org.apache.maven.surefire.testng.TestNGProvider.invoke(TestNGProvider.java:145)
	at org.apache.maven.surefire.booter.ForkedBooter.runSuitesInProcess(ForkedBooter.java:428)
	at org.apache.maven.surefire.booter.ForkedBooter.execute(ForkedBooter.java:162)
	at org.apache.maven.surefire.booter.ForkedBooter.run(ForkedBooter.java:562)
	at org.apache.maven.surefire.booter.ForkedBooter.main(ForkedBooter.java:548)
Caused by: java.lang.ClassNotFoundException: com.buggy.rating.automate.beans.BasicInfoBean
	at java.base/jdk.internal.loader.BuiltinClassLoader.loadClass(BuiltinClassLoader.java:581)
	at java.base/jdk.internal.loader.ClassLoaders$AppClassLoader.loadClass(ClassLoaders.java:178)
	at java.base/java.lang.ClassLoader.loadClass(ClassLoader.java:521)
	... 34 more
</pre></div></td>
<td>0</td>
<td>com.buggy.rating.automate.BuggyCarsRatingAdditionalInfoChangeTest@75f65e45</td></tr>
</table><p>
<table width='100%' border='1' class='invocation-passed'>
<tr><td colspan='4' align='center'><b>PASSED TESTS</b></td></tr>
<tr><td><b>Test method</b></td>
<td width="30%"><b>Exception</b></td>
<td width="10%"><b>Time (seconds)</b></td>
<td><b>Instance</b></td>
</tr>
<tr>
<td title='com.buggy.rating.automate.BuggyCarsRatingRegisterTest.registerNewUser()'><b>registerNewUser</b><br>Test class: com.buggy.rating.automate.BuggyCarsRatingRegisterTest</td>
<td></td>
<td>1</td>
<td>com.buggy.rating.automate.BuggyCarsRatingRegisterTest@72758afa</td></tr>
<tr>
<td title='com.buggy.rating.automate.BuggyCarsRatingPageNavigationTest.navigateHomeFromProfilePage()'><b>navigateHomeFromProfilePage</b><br>Test class: com.buggy.rating.automate.BuggyCarsRatingPageNavigationTest</td>
<td></td>
<td>0</td>
<td>com.buggy.rating.automate.BuggyCarsRatingPageNavigationTest@40cb698e</td></tr>
<tr>
<td title='com.buggy.rating.automate.BuggyCarsRatingPageNavigationTest.performLogin()'><b>performLogin</b><br>Test class: com.buggy.rating.automate.BuggyCarsRatingPageNavigationTest</td>
<td></td>
<td>1</td>
<td>com.buggy.rating.automate.BuggyCarsRatingPageNavigationTest@40cb698e</td></tr>
<tr>
<td title='com.buggy.rating.automate.BuggyCarsRatingVotingTest.loginWithNewUser()'><b>loginWithNewUser</b><br>Test class: com.buggy.rating.automate.BuggyCarsRatingVotingTest</td>
<td></td>
<td>0</td>
<td>com.buggy.rating.automate.BuggyCarsRatingVotingTest@60641ec8</td></tr>
<tr>
<td title='com.buggy.rating.automate.BuggyCarsRatingVotingTest.registerNewUser()'><b>registerNewUser</b><br>Test class: com.buggy.rating.automate.BuggyCarsRatingVotingTest</td>
<td></td>
<td>1</td>
<td>com.buggy.rating.automate.BuggyCarsRatingVotingTest@60641ec8</td></tr>
<tr>
<td title='com.buggy.rating.automate.BuggyCarsRatingRegisterTest.loginWithNewUser()'><b>loginWithNewUser</b><br>Test class: com.buggy.rating.automate.BuggyCarsRatingRegisterTest</td>
<td></td>
<td>0</td>
<td>com.buggy.rating.automate.BuggyCarsRatingRegisterTest@72758afa</td></tr>
<tr>
<td title='com.buggy.rating.automate.BuggyCarsRatingPageNavigationTest.navigateHomeFromOverallRatingPage()'><b>navigateHomeFromOverallRatingPage</b><br>Test class: com.buggy.rating.automate.BuggyCarsRatingPageNavigationTest</td>
<td></td>
<td>1</td>
<td>com.buggy.rating.automate.BuggyCarsRatingPageNavigationTest@40cb698e</td></tr>
<tr>
<td title='com.buggy.rating.automate.BuggyCarsRatingVotingTest.voteACar()'><b>voteACar</b><br>Test class: com.buggy.rating.automate.BuggyCarsRatingVotingTest</td>
<td></td>
<td>2</td>
<td>com.buggy.rating.automate.BuggyCarsRatingVotingTest@60641ec8</td></tr>
<tr>
<td title='com.buggy.rating.automate.BuggyCarsRatingAdditionalInfoChangeTest.loginWithUser()'><b>loginWithUser</b><br>Test class: com.buggy.rating.automate.BuggyCarsRatingAdditionalInfoChangeTest</td>
<td></td>
<td>1</td>
<td>com.buggy.rating.automate.BuggyCarsRatingAdditionalInfoChangeTest@75f65e45</td></tr>
<tr>
<td title='com.buggy.rating.automate.BuggyCarsRatingRegisterTest.navigateToRegisterPage()'><b>navigateToRegisterPage</b><br>Test class: com.buggy.rating.automate.BuggyCarsRatingRegisterTest</td>
<td></td>
<td>0</td>
<td>com.buggy.rating.automate.BuggyCarsRatingRegisterTest@72758afa</td></tr>
<tr>
<td title='com.buggy.rating.automate.BuggyCarsRatingVotingTest.navigateToRegisterPage()'><b>navigateToRegisterPage</b><br>Test class: com.buggy.rating.automate.BuggyCarsRatingVotingTest</td>
<td></td>
<td>0</td>
<td>com.buggy.rating.automate.BuggyCarsRatingVotingTest@60641ec8</td></tr>
<tr>
<td title='com.buggy.rating.automate.BuggyCarsRatingLoginTest.performLogin()'><b>performLogin</b><br>Test class: com.buggy.rating.automate.BuggyCarsRatingLoginTest</td>
<td></td>
<td>1</td>
<td>com.buggy.rating.automate.BuggyCarsRatingLoginTest@3382f8ae</td></tr>
</table><p>
</body>
</html>